TN:
SF:src/atoms/Button/Button.tsx
FN:12,Button
FNF:1
FNH:1
FNDA:1,Button
DA:1,1
DA:2,1
DA:3,1
DA:4,1
DA:5,1
DA:6,1
DA:7,1
DA:8,1
DA:9,1
DA:10,1
DA:11,1
DA:12,1
DA:13,1
DA:14,1
DA:15,1
DA:16,1
DA:17,1
DA:18,1
DA:19,1
DA:20,1
DA:21,1
DA:22,1
DA:23,1
DA:24,1
LF:24
LH:24
BRDA:12,0,0,1
BRF:1
BRH:1
end_of_record
TN:
SF:src/contexts/ToggleContext.tsx
FNF:0
FNH:0
DA:1,1
DA:2,1
DA:3,1
DA:4,1
DA:5,1
LF:5
LH:5
BRF:0
BRH:0
end_of_record
TN:
SF:src/molecules/Menu/Menu.tsx
FN:19,Menu
FNF:1
FNH:1
FNDA:6,Menu
DA:1,1
DA:2,1
DA:3,1
DA:4,1
DA:5,1
DA:6,1
DA:7,1
DA:8,1
DA:9,1
DA:10,1
DA:11,1
DA:12,1
DA:13,1
DA:14,1
DA:15,1
DA:16,1
DA:17,1
DA:18,1
DA:19,1
DA:20,6
DA:21,6
DA:22,6
DA:23,6
DA:24,6
DA:25,6
DA:26,1
DA:27,1
LF:27
LH:27
BRDA:16,0,0,6
BRDA:16,1,0,1
BRDA:19,2,0,6
BRF:3
BRH:3
end_of_record
TN:
SF:src/molecules/MenuItem/MenuItem.tsx
FN:41,MenuItem
FNF:1
FNH:1
FNDA:11,MenuItem
DA:1,1
DA:2,1
DA:3,1
DA:4,1
DA:5,1
DA:6,1
DA:7,1
DA:8,1
DA:9,1
DA:10,1
DA:11,1
DA:12,1
DA:13,1
DA:14,1
DA:15,1
DA:16,1
DA:17,1
DA:18,1
DA:19,1
DA:20,1
DA:21,1
DA:22,1
DA:23,1
DA:24,1
DA:25,1
DA:26,1
DA:27,1
DA:28,1
DA:29,1
DA:30,1
DA:31,1
DA:32,1
DA:33,1
DA:34,1
DA:35,1
DA:36,1
DA:37,1
DA:38,1
DA:39,1
DA:40,1
DA:41,1
DA:42,11
DA:43,11
DA:44,11
DA:45,11
DA:46,11
DA:47,11
DA:48,11
DA:49,11
DA:50,11
DA:51,11
DA:52,11
DA:53,11
DA:54,11
DA:55,11
DA:56,11
DA:57,1
DA:58,1
LF:58
LH:58
BRDA:38,0,0,11
BRDA:38,1,0,1
BRDA:41,2,0,11
BRDA:48,3,0,10
BRDA:51,4,0,1
BRDA:52,5,0,10
BRDA:53,6,0,10
BRDA:53,7,0,1
BRF:8
BRH:8
end_of_record
TN:
SF:src/molecules/MenuItem/index.ts
FNF:0
FNH:0
DA:1,1
LF:1
LH:1
BRF:0
BRH:0
end_of_record
TN:
SF:src/organisms/Sidebar/Sidebar.tsx
FN:40,Sidebar
FN:53,onClick
FNF:2
FNH:2
FNDA:7,Sidebar
FNDA:1,onClick
DA:1,1
DA:2,1
DA:3,1
DA:4,1
DA:5,1
DA:6,1
DA:7,1
DA:8,1
DA:9,1
DA:10,1
DA:11,1
DA:12,1
DA:13,1
DA:14,1
DA:15,1
DA:16,1
DA:17,1
DA:18,1
DA:19,1
DA:20,1
DA:21,1
DA:22,1
DA:23,1
DA:24,1
DA:25,1
DA:26,1
DA:27,1
DA:28,1
DA:29,1
DA:30,1
DA:31,1
DA:32,1
DA:33,1
DA:34,1
DA:35,1
DA:36,1
DA:37,1
DA:38,1
DA:39,1
DA:40,1
DA:41,7
DA:42,7
DA:43,7
DA:44,7
DA:45,7
DA:46,7
DA:47,7
DA:48,7
DA:49,7
DA:50,7
DA:51,7
DA:52,7
DA:53,6
DA:54,6
DA:55,3
DA:56,3
DA:57,3
DA:58,3
DA:59,3
DA:60,6
DA:61,6
DA:62,7
DA:63,7
DA:64,7
DA:65,7
DA:66,7
DA:67,7
DA:68,1
DA:69,1
LF:69
LH:69
BRDA:36,0,0,7
BRDA:36,1,0,1
BRDA:36,2,0,6
BRDA:37,3,0,7
BRDA:40,4,0,7
BRDA:41,5,0,6
BRDA:41,6,0,1
BRDA:52,7,0,6
BRDA:54,8,0,3
BRDA:56,9,0,3
BRDA:53,10,0,1
BRF:11
BRH:11
end_of_record
